<?xml version="1.0" encoding="UTF-8"?>
<!-- Generated by org.testng.reporters.JUnitReportReporter -->
<testsuite hostname="Shorooq" failures="0" tests="1" name="base.baseTest" time="0.004" errors="0" timestamp="2025-08-03T17:51:12 GMT+03:00" skipped="0">
  <testcase classname="base.baseTest" name="verifySetup" time="0.004"/>
</testsuite> <!-- base.baseTest -->
