<?xml version="1.0" encoding="UTF-8"?>
<!-- Generated by org.testng.reporters.JUnitReportReporter -->
<testsuite hostname="Shorooq" failures="0" tests="1" name="tests.BaseTest" time="0.006" errors="0" timestamp="2025-08-03T17:48:41 GMT+03:00" skipped="0">
  <testcase classname="tests.BaseTest" name="checkRun" time="0.006"/>
</testsuite> <!-- tests.BaseTest -->
