<?xml version="1.0" encoding="UTF-8"?>
<!-- Generated by org.testng.reporters.JUnitReportReporter -->
<testsuite hostname="Shorooq" failures="0" tests="1" name="tests.TestCases" time="2.127" errors="0" timestamp="2025-08-03T23:07:11 GMT+03:00" skipped="0">
  <testcase classname="tests.TestCases" name="SignUpPage" time="2.127"/>
</testsuite> <!-- tests.TestCases -->
