<?xml version="1.0" encoding="UTF-8"?>
<!-- Generated by org.testng.reporters.JUnitReportReporter -->
<testsuite hostname="Shorooq" failures="0" tests="5" name="tests.TestCases" time="17.055" errors="0" timestamp="2025-08-05T16:25:22 GMT+03:00" skipped="2">
  <testcase classname="tests.TestCases" name="SignUpPage" time="4.764"/>
  <testcase classname="tests.TestCases" name="loginWithRegisteredValidData" time="5.517"/>
  <testcase classname="tests.TestCases" name="logOutTest" time="6.774"/>
  <testcase classname="tests.TestCases" name="SignUpWithEmptyForm">
    <skipped/>
  </testcase> <!-- SignUpWithEmptyForm -->
  <testcase classname="tests.TestCases" name="loginWithRegisteredInvalidData">
    <skipped/>
  </testcase> <!-- loginWithRegisteredInvalidData -->
</testsuite> <!-- tests.TestCases -->
