<?xml version="1.0" encoding="UTF-8"?>
<!-- Generated by org.testng.reporters.JUnitReportReporter -->
<testsuite hostname="Shorooq" failures="0" tests="10" name="tests.TestCases" time="1.387" errors="0" timestamp="2025-08-07T12:07:06 GMT+03:00" skipped="9">
  <testcase classname="tests.TestCases" name="tsearchTest" time="1.387"/>
  <testcase classname="tests.TestCases" name="SignUpPage">
    <skipped/>
  </testcase> <!-- SignUpPage -->
  <testcase classname="tests.TestCases" name="SignUpWithEmptyForm">
    <skipped/>
  </testcase> <!-- SignUpWithEmptyForm -->
  <testcase classname="tests.TestCases" name="testSlider">
    <skipped/>
  </testcase> <!-- testSlider -->
  <testcase classname="tests.TestCases" name="logOutTest">
    <skipped/>
  </testcase> <!-- logOutTest -->
  <testcase classname="tests.TestCases" name="testFilters">
    <skipped/>
  </testcase> <!-- testFilters -->
  <testcase classname="tests.TestCases" name="testLinks">
    <skipped/>
  </testcase> <!-- testLinks -->
  <testcase classname="tests.TestCases" name="loginWithRegisteredValidData">
    <skipped/>
  </testcase> <!-- loginWithRegisteredValidData -->
  <testcase classname="tests.TestCases" name="testBrand">
    <skipped/>
  </testcase> <!-- testBrand -->
  <testcase classname="tests.TestCases" name="loginWithRegisteredInvalidData">
    <skipped/>
  </testcase> <!-- loginWithRegisteredInvalidData -->
</testsuite> <!-- tests.TestCases -->
