<?xml version="1.0" encoding="UTF-8"?>
<!-- Generated by org.testng.reporters.JUnitReportReporter -->
<testsuite hostname="Shorooq" failures="0" tests="10" name="tests.TestCases" time="17.369" errors="0" timestamp="2025-08-07T15:14:48 GMT+03:00" skipped="7">
  <testcase classname="tests.TestCases" name="SignUpPage" time="5.027"/>
  <testcase classname="tests.TestCases" name="loginWithRegisteredValidData" time="5.528"/>
  <testcase classname="tests.TestCases" name="logOutTest" time="6.814"/>
  <testcase classname="tests.TestCases" name="testBrand">
    <skipped/>
  </testcase> <!-- testBrand -->
  <testcase classname="tests.TestCases" name="tsearchTest">
    <skipped/>
  </testcase> <!-- tsearchTest -->
  <testcase classname="tests.TestCases" name="testSlider">
    <skipped/>
  </testcase> <!-- testSlider -->
  <testcase classname="tests.TestCases" name="SignUpWithEmptyForm">
    <skipped/>
  </testcase> <!-- SignUpWithEmptyForm -->
  <testcase classname="tests.TestCases" name="testFilters">
    <skipped/>
  </testcase> <!-- testFilters -->
  <testcase classname="tests.TestCases" name="testLinks">
    <skipped/>
  </testcase> <!-- testLinks -->
  <testcase classname="tests.TestCases" name="loginWithRegisteredInvalidData">
    <skipped/>
  </testcase> <!-- loginWithRegisteredInvalidData -->
</testsuite> <!-- tests.TestCases -->
